<?xml version="1.0" encoding="UTF-8"?>
<testng-results ignored="3" total="8" passed="5" failed="0" skipped="0">
  <reporter-output>
    <line>
      <![CDATA[Hi]]>
    </line>
    <line>
      <![CDATA[Remo]]>
    </line>
    <line>
      <![CDATA[API_Home]]>
    </line>
    <line>
      <![CDATA[API_Car]]>
    </line>
    <line>
      <![CDATA[Web_Car]]>
    </line>
  </reporter-output>
  <suite started-at="2023-03-26T18:55:08 IST" name="Suite" finished-at="2023-03-26T18:55:08 IST" duration-ms="140">
    <groups>
    </groups>
    <test started-at="2023-03-26T18:55:08 IST" name="Test" finished-at="2023-03-26T18:55:08 IST" duration-ms="140">
      <class name="test.Remo">
        <test-method signature="m2()[pri:0, instance:test.Remo@1ddf84b8]" started-at="2023-03-26T18:55:08 IST" name="m2" finished-at="2023-03-26T18:55:08 IST" duration-ms="4" status="PASS">
          <reporter-output>
            <line>
              <![CDATA[Remo]]>
            </line>
          </reporter-output>
        </test-method> <!-- m2 -->
      </class> <!-- test.Remo -->
      <class name="test.CarLoan">
        <test-method signature="APILoginCarLoan()[pri:0, instance:test.CarLoan@7a69b07]" started-at="2023-03-26T18:55:08 IST" name="APILoginCarLoan" finished-at="2023-03-26T18:55:08 IST" duration-ms="4" status="PASS">
          <reporter-output>
            <line>
              <![CDATA[API_Car]]>
            </line>
          </reporter-output>
        </test-method> <!-- APILoginCarLoan -->
        <test-method signature="WebLoginCarLoan()[pri:0, instance:test.CarLoan@7a69b07]" started-at="2023-03-26T18:55:08 IST" name="WebLoginCarLoan" finished-at="2023-03-26T18:55:08 IST" duration-ms="4" status="PASS">
          <reporter-output>
            <line>
              <![CDATA[Web_Car]]>
            </line>
          </reporter-output>
        </test-method> <!-- WebLoginCarLoan -->
      </class> <!-- test.CarLoan -->
      <class name="test.HomeLoan">
        <test-method signature="APILoginHomeLoan()[pri:0, instance:test.HomeLoan@1139b2f3]" started-at="2023-03-26T18:55:08 IST" name="APILoginHomeLoan" finished-at="2023-03-26T18:55:08 IST" duration-ms="4" status="PASS">
          <reporter-output>
            <line>
              <![CDATA[API_Home]]>
            </line>
          </reporter-output>
        </test-method> <!-- APILoginHomeLoan -->
      </class> <!-- test.HomeLoan -->
      <class name="test.Demo">
        <test-method signature="m1()[pri:0, instance:test.Demo@63355449]" started-at="2023-03-26T18:55:08 IST" name="m1" finished-at="2023-03-26T18:55:08 IST" duration-ms="20" status="PASS">
          <reporter-output>
            <line>
              <![CDATA[Hi]]>
            </line>
          </reporter-output>
        </test-method> <!-- m1 -->
      </class> <!-- test.Demo -->
    </test> <!-- Test -->
  </suite> <!-- Suite -->
</testng-results>
