<?xml version="1.0" encoding="UTF-8"?>
<!-- Generated by org.testng.reporters.JUnitXMLReporter -->
<testsuite ignored="0" hostname="DESKTOP-NCKGJI9" failures="0" tests="3" name="Default test" time="0.132" errors="0" timestamp="2023-03-26T18:36:15 IST">
  <testcase classname="test.HomeLoan" name="APILoginHomeLoan" time="0.018"/>
  <testcase classname="test.HomeLoan" name="MobileLoginHomeLoan" time="0.003"/>
  <testcase classname="test.HomeLoan" name="WebLoginHomeLoan" time="0.007"/>
</testsuite> <!-- Default test -->
