<?xml version="1.0" encoding="UTF-8"?>
<!-- Generated by org.testng.reporters.JUnitXMLReporter -->
<testsuite ignored="0" hostname="DESKTOP-NCKGJI9" failures="0" tests="6" name="Regression" time="0.174" errors="0" timestamp="2023-03-29T23:19:03 IST">
  <testcase classname="test.CarLoan" name="APILoginCarLoan" time="0.019"/>
  <testcase classname="test.CarLoan" name="CarDhekhoLogin" time="0.003"/>
  <testcase classname="test.CarLoan" name="CarDhekhoLogin" time="0.004"/>
  <testcase classname="test.CarLoan" name="CarDhekhoLogin" time="0.003"/>
  <testcase classname="test.CarLoan" name="MobileLoginCarLoan" time="0.005"/>
  <testcase classname="test.CarLoan" name="WebLoginCarLoan" time="0.015"/>
</testsuite> <!-- Regression -->
