<?xml version="1.0" encoding="UTF-8"?>
<!-- Generated by org.testng.reporters.JUnitXMLReporter -->
<testsuite ignored="3" hostname="DESKTOP-NCKGJI9" failures="0" tests="5" name="Test" time="0.14" errors="0" timestamp="2023-03-26T18:55:08 IST">
  <testcase classname="test.Demo" name="m1" time="0.02"/>
  <testcase classname="test.Remo" name="m2" time="0.004"/>
  <testcase classname="test.HomeLoan" name="APILoginHomeLoan" time="0.004"/>
  <testcase classname="test.CarLoan" name="APILoginCarLoan" time="0.004"/>
  <testcase classname="test.CarLoan" name="WebLoginCarLoan" time="0.004"/>
  <testcase classname="test.HomeLoan" name="MobileLoginHomeLoan" time="0.0">
    <ignored/>
  </testcase> <!-- MobileLoginHomeLoan -->
  <testcase classname="test.CarLoan" name="MobileLoginCarLoan" time="0.0">
    <ignored/>
  </testcase> <!-- MobileLoginCarLoan -->
  <testcase classname="test.HomeLoan" name="WebLoginHomeLoan" time="0.0">
    <ignored/>
  </testcase> <!-- WebLoginHomeLoan -->
</testsuite> <!-- Test -->
