<?xml version="1.0" encoding="UTF-8"?>
<!-- Generated by org.testng.reporters.JUnitXMLReporter -->
<testsuite ignored="3" hostname="DESKTOP-NCKGJI9" failures="1" tests="10" name="Test" time="0.319" errors="0" timestamp="2023-04-01T17:41:02 IST">
  <testcase classname="test.Remo" name="m2" time="0.023"/>
  <testcase classname="test.Demo" name="m1" time="0.023"/>
  <testcase classname="test.HomeLoan" name="WebLoginHomeLoan" time="0.021"/>
  <testcase classname="test.CarLoan" name="APILoginCarLoan" time="0.021"/>
  <testcase classname="test.HomeLoan" name="WebLoginHomeLoan" time="0.005"/>
  <testcase classname="test.CarLoan" name="CarDhekhoLogin" time="0.031"/>
  <testcase classname="test.CarLoan" name="CarDhekhoLogin" time="0.004"/>
  <testcase classname="test.CarLoan" name="CarDhekhoLogin" time="0.015"/>
  <testcase classname="test.Demo" name="m2" time="0.041">
    <failure type="java.lang.AssertionError" message="expected [true] but found [false]">
      <![CDATA[java.lang.AssertionError: expected [true] but found [false]
at test.Demo.m2(Demo.java:16)
at java.base/java.util.concurrent.ThreadPoolExecutor.runWorker(ThreadPoolExecutor.java:1136)
at java.base/java.util.concurrent.ThreadPoolExecutor$Worker.run(ThreadPoolExecutor.java:635)
at java.base/java.lang.Thread.run(Thread.java:833)
... Removed 16 stack frames]]>
    </failure>
  </testcase> <!-- m2 -->
  <testcase classname="test.CarLoan" name="WebLoginCarLoan" time="0.064"/>
  <testcase classname="test.CarLoan" name="MobileLoginCarLoan" time="0.0">
    <ignored/>
  </testcase> <!-- MobileLoginCarLoan -->
  <testcase classname="test.HomeLoan" name="APILoginHomeLoan" time="0.0">
    <ignored/>
  </testcase> <!-- APILoginHomeLoan -->
  <testcase classname="test.HomeLoan" name="MobileLoginHomeLoan" time="0.0">
    <ignored/>
  </testcase> <!-- MobileLoginHomeLoan -->
</testsuite> <!-- Test -->
